# JRE version: Java(TM) SE Runtime Environment (8.0_05-b13) (build 1.8.0_05-b13)
# Java VM: Java HotSpot(TM) 64-Bit Server VM (25.5-b02 mixed mode windows-amd64 compressed oops)
Heap:
 PSYoungGen      total 82432K, used 67838K [0x00000000eab00000, 0x00000000f2680000, 0x0000000100000000)
  eden space 69632K, 81% used [0x00000000eab00000,0x00000000ee271fd8,0x00000000eef00000)
  from space 12800K, 86% used [0x00000000eef00000,0x00000000ef9cda88,0x00000000efb80000)
  to   space 14336K, 0% used [0x00000000f1880000,0x00000000f1880000,0x00000000f2680000)
 ParOldGen       total 96768K, used 46635K [0x00000000c0000000, 0x00000000c5e80000, 0x00000000eab00000)
  object space 96768K, 48% used [0x00000000c0000000,0x00000000c2d8ade8,0x00000000c5e80000)
 Metaspace       used 6265K, capacity 7128K, committed 7424K, reserved 1056768K
  class space    used 622K, capacity 656K, committed 768K, reserved 1048576K
GC Heap History (10 events):
Event: 11.987 GC heap before
{Heap before GC invocations=19 (full 0):
 PSYoungGen      total 42496K, used 40784K [0x00000000eab00000, 0x00000000edc00000, 0x0000000100000000)
  eden space 36352K, 100% used [0x00000000eab00000,0x00000000ece80000,0x00000000ece80000)
  from space 6144K, 72% used [0x00000000ed500000,0x00000000ed954020,0x00000000edb00000)
  to   space 6656K, 0% used [0x00000000ece80000,0x00000000ece80000,0x00000000ed500000)
 ParOldGen       total 96768K, used 16258K [0x00000000c0000000, 0x00000000c5e80000, 0x00000000eab00000)
  object space 96768K, 16% used [0x00000000c0000000,0x00000000c0fe0ac0,0x00000000c5e80000)
 Metaspace       used 6036K, capacity 6960K, committed 7040K, reserved 1056768K
  class space    used 597K, capacity 616K, committed 640K, reserved 1048576K
Event: 12.016 GC heap after
Heap after GC invocations=19 (full 0):
 PSYoungGen      total 43008K, used 5888K [0x00000000eab00000, 0x00000000eeb00000, 0x0000000100000000)
  eden space 36352K, 0% used [0x00000000eab00000,0x00000000eab00000,0x00000000ece80000)
  from space 6656K, 88% used [0x00000000ece80000,0x00000000ed440000,0x00000000ed500000)
  to   space 7168K, 0% used [0x00000000ee400000,0x00000000ee400000,0x00000000eeb00000)
 ParOldGen       total 96768K, used 20242K [0x00000000c0000000, 0x00000000c5e80000, 0x00000000eab00000)
  object space 96768K, 20% used [0x00000000c0000000,0x00000000c13c4878,0x00000000c5e80000)
 Metaspace       used 6036K, capacity 6960K, committed 7040K, reserved 1056768K
  class space    used 597K, capacity 616K, committed 640K, reserved 1048576K
}
Event: 15.670 GC heap before
{Heap before GC invocations=20 (full 0):
 PSYoungGen      total 43008K, used 42240K [0x00000000eab00000, 0x00000000eeb00000, 0x0000000100000000)
  eden space 36352K, 100% used [0x00000000eab00000,0x00000000ece80000,0x00000000ece80000)
  from space 6656K, 88% used [0x00000000ece80000,0x00000000ed440000,0x00000000ed500000)
  to   space 7168K, 0% used [0x00000000ee400000,0x00000000ee400000,0x00000000eeb00000)
 ParOldGen       total 96768K, used 20242K [0x00000000c0000000, 0x00000000c5e80000, 0x00000000eab00000)
  object space 96768K, 20% used [0x00000000c0000000,0x00000000c13c4878,0x00000000c5e80000)
 Metaspace       used 6076K, capacity 7024K, committed 7296K, reserved 1056768K
  class space    used 597K, capacity 616K, committed 640K, reserved 1048576K
Event: 15.920 GC heap after
Heap after GC invocations=20 (full 0):
 PSYoungGen      total 57344K, used 6130K [0x00000000eab00000, 0x00000000eed00000, 0x0000000100000000)
  eden space 50176K, 0% used [0x00000000eab00000,0x00000000eab00000,0x00000000edc00000)
  from space 7168K, 85% used [0x00000000ee400000,0x00000000ee9fcbc0,0x00000000eeb00000)
  to   space 8192K, 0% used [0x00000000edc00000,0x00000000edc00000,0x00000000ee400000)
 ParOldGen       total 96768K, used 25469K [0x00000000c0000000, 0x00000000c5e80000, 0x00000000eab00000)
  object space 96768K, 26% used [0x00000000c0000000,0x00000000c18df580,0x00000000c5e80000)
 Metaspace       used 6076K, capacity 7024K, committed 7296K, reserved 1056768K
  class space    used 597K, capacity 616K, committed 640K, reserved 1048576K
}
Event: 17.649 GC heap before
{Heap before GC invocations=21 (full 0):
 PSYoungGen      total 57344K, used 56306K [0x00000000eab00000, 0x00000000eed00000, 0x0000000100000000)
  eden space 50176K, 100% used [0x00000000eab00000,0x00000000edc00000,0x00000000edc00000)
  from space 7168K, 85% used [0x00000000ee400000,0x00000000ee9fcbc0,0x00000000eeb00000)
  to   space 8192K, 0% used [0x00000000edc00000,0x00000000edc00000,0x00000000ee400000)
 ParOldGen       total 96768K, used 25469K [0x00000000c0000000, 0x00000000c5e80000, 0x00000000eab00000)
  object space 96768K, 26% used [0x00000000c0000000,0x00000000c18df580,0x00000000c5e80000)
 Metaspace       used 6090K, capacity 7024K, committed 7296K, reserved 1056768K
  class space    used 597K, capacity 616K, committed 640K, reserved 1048576K
Event: 17.836 GC heap after
Heap after GC invocations=21 (full 0):
 PSYoungGen      total 58368K, used 8176K [0x00000000eab00000, 0x00000000f0700000, 0x0000000100000000)
  eden space 50176K, 0% used [0x00000000eab00000,0x00000000eab00000,0x00000000edc00000)
  from space 8192K, 99% used [0x00000000edc00000,0x00000000ee3fc020,0x00000000ee400000)
  to   space 11776K, 0% used [0x00000000efb80000,0x00000000efb80000,0x00000000f0700000)
 ParOldGen       total 96768K, used 31421K [0x00000000c0000000, 0x00000000c5e80000, 0x00000000eab00000)
  object space 96768K, 32% used [0x00000000c0000000,0x00000000c1eaf638,0x00000000c5e80000)
 Metaspace       used 6090K, capacity 7024K, committed 7296K, reserved 1056768K
  class space    used 597K, capacity 616K, committed 640K, reserved 1048576K
}
Event: 19.908 GC heap before
{Heap before GC invocations=22 (full 0):
 PSYoungGen      total 58368K, used 58352K [0x00000000eab00000, 0x00000000f0700000, 0x0000000100000000)
  eden space 50176K, 100% used [0x00000000eab00000,0x00000000edc00000,0x00000000edc00000)
  from space 8192K, 99% used [0x00000000edc00000,0x00000000ee3fc020,0x00000000ee400000)
  to   space 11776K, 0% used [0x00000000efb80000,0x00000000efb80000,0x00000000f0700000)
 ParOldGen       total 96768K, used 31421K [0x00000000c0000000, 0x00000000c5e80000, 0x00000000eab00000)
  object space 96768K, 32% used [0x00000000c0000000,0x00000000c1eaf638,0x00000000c5e80000)
 Metaspace       used 6105K, capacity 7024K, committed 7296K, reserved 1056768K
  class space    used 597K, capacity 616K, committed 640K, reserved 1048576K
Event: 20.367 GC heap after
Heap after GC invocations=22 (full 0):
 PSYoungGen      total 81408K, used 8423K [0x00000000eab00000, 0x00000000f0900000, 0x0000000100000000)
  eden space 69632K, 0% used [0x00000000eab00000,0x00000000eab00000,0x00000000eef00000)
  from space 11776K, 71% used [0x00000000efb80000,0x00000000f03b9f28,0x00000000f0700000)
  to   space 12800K, 0% used [0x00000000eef00000,0x00000000eef00000,0x00000000efb80000)
 ParOldGen       total 96768K, used 39275K [0x00000000c0000000, 0x00000000c5e80000, 0x00000000eab00000)
  object space 96768K, 40% used [0x00000000c0000000,0x00000000c265ac88,0x00000000c5e80000)
 Metaspace       used 6105K, capacity 7024K, committed 7296K, reserved 1056768K
  class space    used 597K, capacity 616K, committed 640K, reserved 1048576K
}
Event: 21.851 GC heap before
{Heap before GC invocations=23 (full 0):
 PSYoungGen      total 81408K, used 78055K [0x00000000eab00000, 0x00000000f0900000, 0x0000000100000000)
  eden space 69632K, 100% used [0x00000000eab00000,0x00000000eef00000,0x00000000eef00000)
  from space 11776K, 71% used [0x00000000efb80000,0x00000000f03b9f28,0x00000000f0700000)
  to   space 12800K, 0% used [0x00000000eef00000,0x00000000eef00000,0x00000000efb80000)
 ParOldGen       total 96768K, used 39275K [0x00000000c0000000, 0x00000000c5e80000, 0x00000000eab00000)
  object space 96768K, 40% used [0x00000000c0000000,0x00000000c265ac88,0x00000000c5e80000)
 Metaspace       used 6198K, capacity 7064K, committed 7424K, reserved 1056768K
  class space    used 617K, capacity 656K, committed 768K, reserved 1048576K
Event: 21.975 GC heap after
Heap after GC invocations=23 (full 0):
 PSYoungGen      total 82432K, used 11062K [0x00000000eab00000, 0x00000000f2680000, 0x0000000100000000)
  eden space 69632K, 0% used [0x00000000eab00000,0x00000000eab00000,0x00000000eef00000)
  from space 12800K, 86% used [0x00000000eef00000,0x00000000ef9cda88,0x00000000efb80000)
  to   space 14336K, 0% used [0x00000000f1880000,0x00000000f1880000,0x00000000f2680000)
 ParOldGen       total 96768K, used 46635K [0x00000000c0000000, 0x00000000c5e80000, 0x00000000eab00000)
  object space 96768K, 48% used [0x00000000c0000000,0x00000000c2d8ade8,0x00000000c5e80000)
 Metaspace       used 6198K, capacity 7064K, committed 7424K, reserved 1056768K
  class space    used 617K, capacity 656K, committed 768K, reserved 1048576K
}

