# JRE version: Java(TM) SE Runtime Environment (8.0_05-b13) (build 1.8.0_05-b13)
# Java VM: Java HotSpot(TM) 64-Bit Server VM (25.5-b02 mixed mode windows-amd64 compressed oops)
Heap:
 PSYoungGen      total 24576K, used 16955K [0x00000000eab00000, 0x00000000ec600000, 0x0000000100000000)
  eden space 21504K, 64% used [0x00000000eab00000,0x00000000eb88fc18,0x00000000ec000000)
  from space 3072K, 99% used [0x00000000ec000000,0x00000000ec2ff050,0x00000000ec300000)
  to   space 3072K, 0% used [0x00000000ec300000,0x00000000ec300000,0x00000000ec600000)
 ParOldGen       total 96768K, used 13366K [0x00000000c0000000, 0x00000000c5e80000, 0x00000000eab00000)
  object space 96768K, 13% used [0x00000000c0000000,0x00000000c0d0db18,0x00000000c5e80000)
 Metaspace       used 6096K, capacity 7000K, committed 7168K, reserved 1058816K
  class space    used 616K, capacity 656K, committed 768K, reserved 1048576K
GC Heap History (10 events):
Event: 4.235 GC heap before
{Heap before GC invocations=13 (full 0):
 PSYoungGen      total 10240K, used 9476K [0x00000000eab00000, 0x00000000eb700000, 0x0000000100000000)
  eden space 8192K, 99% used [0x00000000eab00000,0x00000000eb2ffb00,0x00000000eb300000)
  from space 2048K, 62% used [0x00000000eb500000,0x00000000eb641700,0x00000000eb700000)
  to   space 2048K, 0% used [0x00000000eb300000,0x00000000eb300000,0x00000000eb500000)
 ParOldGen       total 96768K, used 5118K [0x00000000c0000000, 0x00000000c5e80000, 0x00000000eab00000)
  object space 96768K, 5% used [0x00000000c0000000,0x00000000c04ffa60,0x00000000c5e80000)
 Metaspace       used 5861K, capacity 6832K, committed 7040K, reserved 1058816K
  class space    used 595K, capacity 616K, committed 640K, reserved 1048576K
Event: 4.311 GC heap after
Heap after GC invocations=13 (full 0):
 PSYoungGen      total 10240K, used 1536K [0x00000000eab00000, 0x00000000ebd00000, 0x0000000100000000)
  eden space 8192K, 0% used [0x00000000eab00000,0x00000000eab00000,0x00000000eb300000)
  from space 2048K, 75% used [0x00000000eb300000,0x00000000eb480010,0x00000000eb500000)
  to   space 2560K, 0% used [0x00000000eba80000,0x00000000eba80000,0x00000000ebd00000)
 ParOldGen       total 96768K, used 6174K [0x00000000c0000000, 0x00000000c5e80000, 0x00000000eab00000)
  object space 96768K, 6% used [0x00000000c0000000,0x00000000c0607ad0,0x00000000c5e80000)
 Metaspace       used 5861K, capacity 6832K, committed 7040K, reserved 1058816K
  class space    used 595K, capacity 616K, committed 640K, reserved 1048576K
}
Event: 4.615 GC heap before
{Heap before GC invocations=14 (full 0):
 PSYoungGen      total 10240K, used 9728K [0x00000000eab00000, 0x00000000ebd00000, 0x0000000100000000)
  eden space 8192K, 100% used [0x00000000eab00000,0x00000000eb300000,0x00000000eb300000)
  from space 2048K, 75% used [0x00000000eb300000,0x00000000eb480010,0x00000000eb500000)
  to   space 2560K, 0% used [0x00000000eba80000,0x00000000eba80000,0x00000000ebd00000)
 ParOldGen       total 96768K, used 6174K [0x00000000c0000000, 0x00000000c5e80000, 0x00000000eab00000)
  object space 96768K, 6% used [0x00000000c0000000,0x00000000c0607ad0,0x00000000c5e80000)
 Metaspace       used 5900K, capacity 6896K, committed 7040K, reserved 1058816K
  class space    used 595K, capacity 616K, committed 640K, reserved 1048576K
Event: 4.780 GC heap after
Heap after GC invocations=14 (full 0):
 PSYoungGen      total 15872K, used 1760K [0x00000000eab00000, 0x00000000ebd00000, 0x0000000100000000)
  eden space 13312K, 0% used [0x00000000eab00000,0x00000000eab00000,0x00000000eb800000)
  from space 2560K, 68% used [0x00000000eba80000,0x00000000ebc38000,0x00000000ebd00000)
  to   space 2560K, 0% used [0x00000000eb800000,0x00000000eb800000,0x00000000eba80000)
 ParOldGen       total 96768K, used 7519K [0x00000000c0000000, 0x00000000c5e80000, 0x00000000eab00000)
  object space 96768K, 7% used [0x00000000c0000000,0x00000000c0757e30,0x00000000c5e80000)
 Metaspace       used 5900K, capacity 6896K, committed 7040K, reserved 1058816K
  class space    used 595K, capacity 616K, committed 640K, reserved 1048576K
}
Event: 5.106 GC heap before
{Heap before GC invocations=15 (full 0):
 PSYoungGen      total 15872K, used 15072K [0x00000000eab00000, 0x00000000ebd00000, 0x0000000100000000)
  eden space 13312K, 100% used [0x00000000eab00000,0x00000000eb800000,0x00000000eb800000)
  from space 2560K, 68% used [0x00000000eba80000,0x00000000ebc38000,0x00000000ebd00000)
  to   space 2560K, 0% used [0x00000000eb800000,0x00000000eb800000,0x00000000eba80000)
 ParOldGen       total 96768K, used 7519K [0x00000000c0000000, 0x00000000c5e80000, 0x00000000eab00000)
  object space 96768K, 7% used [0x00000000c0000000,0x00000000c0757e30,0x00000000c5e80000)
 Metaspace       used 6041K, capacity 7000K, committed 7168K, reserved 1058816K
  class space    used 615K, capacity 656K, committed 768K, reserved 1048576K
Event: 5.116 GC heap after
Heap after GC invocations=15 (full 0):
 PSYoungGen      total 15872K, used 2526K [0x00000000eab00000, 0x00000000ec600000, 0x0000000100000000)
  eden space 13312K, 0% used [0x00000000eab00000,0x00000000eab00000,0x00000000eb800000)
  from space 2560K, 98% used [0x00000000eb800000,0x00000000eba77950,0x00000000eba80000)
  to   space 3072K, 0% used [0x00000000ec300000,0x00000000ec300000,0x00000000ec600000)
 ParOldGen       total 96768K, used 8671K [0x00000000c0000000, 0x00000000c5e80000, 0x00000000eab00000)
  object space 96768K, 8% used [0x00000000c0000000,0x00000000c0877d10,0x00000000c5e80000)
 Metaspace       used 6041K, capacity 7000K, committed 7168K, reserved 1058816K
  class space    used 615K, capacity 656K, committed 768K, reserved 1048576K
}
Event: 5.465 GC heap before
{Heap before GC invocations=16 (full 0):
 PSYoungGen      total 15872K, used 15838K [0x00000000eab00000, 0x00000000ec600000, 0x0000000100000000)
  eden space 13312K, 100% used [0x00000000eab00000,0x00000000eb800000,0x00000000eb800000)
  from space 2560K, 98% used [0x00000000eb800000,0x00000000eba77950,0x00000000eba80000)
  to   space 3072K, 0% used [0x00000000ec300000,0x00000000ec300000,0x00000000ec600000)
 ParOldGen       total 96768K, used 8671K [0x00000000c0000000, 0x00000000c5e80000, 0x00000000eab00000)
  object space 96768K, 8% used [0x00000000c0000000,0x00000000c0877d10,0x00000000c5e80000)
 Metaspace       used 6052K, capacity 7000K, committed 7168K, reserved 1058816K
  class space    used 615K, capacity 656K, committed 768K, reserved 1048576K
Event: 5.528 GC heap after
Heap after GC invocations=16 (full 0):
 PSYoungGen      total 24576K, used 2176K [0x00000000eab00000, 0x00000000ec600000, 0x0000000100000000)
  eden space 21504K, 0% used [0x00000000eab00000,0x00000000eab00000,0x00000000ec000000)
  from space 3072K, 70% used [0x00000000ec300000,0x00000000ec520000,0x00000000ec600000)
  to   space 3072K, 0% used [0x00000000ec000000,0x00000000ec000000,0x00000000ec300000)
 ParOldGen       total 96768K, used 10720K [0x00000000c0000000, 0x00000000c5e80000, 0x00000000eab00000)
  object space 96768K, 11% used [0x00000000c0000000,0x00000000c0a78070,0x00000000c5e80000)
 Metaspace       used 6052K, capacity 7000K, committed 7168K, reserved 1058816K
  class space    used 615K, capacity 656K, committed 768K, reserved 1048576K
}
Event: 6.358 GC heap before
{Heap before GC invocations=17 (full 0):
 PSYoungGen      total 24576K, used 23680K [0x00000000eab00000, 0x00000000ec600000, 0x0000000100000000)
  eden space 21504K, 100% used [0x00000000eab00000,0x00000000ec000000,0x00000000ec000000)
  from space 3072K, 70% used [0x00000000ec300000,0x00000000ec520000,0x00000000ec600000)
  to   space 3072K, 0% used [0x00000000ec000000,0x00000000ec000000,0x00000000ec300000)
 ParOldGen       total 96768K, used 10720K [0x00000000c0000000, 0x00000000c5e80000, 0x00000000eab00000)
  object space 96768K, 11% used [0x00000000c0000000,0x00000000c0a78070,0x00000000c5e80000)
 Metaspace       used 6082K, capacity 7000K, committed 7168K, reserved 1058816K
  class space    used 616K, capacity 656K, committed 768K, reserved 1048576K
Event: 6.449 GC heap after
Heap after GC invocations=17 (full 0):
 PSYoungGen      total 24576K, used 3068K [0x00000000eab00000, 0x00000000ec600000, 0x0000000100000000)
  eden space 21504K, 0% used [0x00000000eab00000,0x00000000eab00000,0x00000000ec000000)
  from space 3072K, 99% used [0x00000000ec000000,0x00000000ec2ff050,0x00000000ec300000)
  to   space 3072K, 0% used [0x00000000ec300000,0x00000000ec300000,0x00000000ec600000)
 ParOldGen       total 96768K, used 13366K [0x00000000c0000000, 0x00000000c5e80000, 0x00000000eab00000)
  object space 96768K, 13% used [0x00000000c0000000,0x00000000c0d0db18,0x00000000c5e80000)
 Metaspace       used 6082K, capacity 7000K, committed 7168K, reserved 1058816K
  class space    used 616K, capacity 656K, committed 768K, reserved 1048576K
}

